{
  "stats": {
    "suites": 1,
    "tests": 2,
    "passes": 2,
    "pending": 0,
    "failures": 0,
    "start": "2025-05-29T01:37:40.587Z",
    "end": "2025-05-29T01:37:41.256Z",
    "duration": 669,
    "testsRegistered": 2,
    "passPercent": 100,
    "pendingPercent": 0,
    "other": 0,
    "hasOther": false,
    "skipped": 0,
    "hasSkipped": false
  },
  "results": [
    {
      "uuid": "06ec7e90-f5b4-4169-9d33-d84c93b2d1f7",
      "title": "",
      "fullFile": "cypress/api/users.cy.js",
      "file": "cypress/api/users.cy.js",
      "beforeHooks": [],
      "afterHooks": [],
      "tests": [],
      "suites": [
        {
          "uuid": "eaae19c6-ab85-4894-899e-1abdff86f62c",
          "title": "API - Users",
          "fullFile": "",
          "file": "",
          "beforeHooks": [],
          "afterHooks": [],
          "tests": [
            {
              "title": "deve retornar todos os usuários",
              "fullTitle": "API - Users deve retornar todos os usuários",
              "timedOut": null,
              "duration": 151,
              "state": "passed",
              "speed": "fast",
              "pass": true,
              "fail": false,
              "pending": false,
              "context": null,
              "code": "cy.request('https://jsonplaceholder.typicode.com/users').should(response => {\n  expect(response.status).to.eq(200);\n  expect(response.body).to.have.length(10);\n});",
              "err": {},
              "uuid": "9f5f60dc-aa22-4599-9522-8e22a2ad8b9a",
              "parentUUID": "eaae19c6-ab85-4894-899e-1abdff86f62c",
              "isHook": false,
              "skipped": false
            },
            {
              "title": "deve criar um novo usuário (exemplo)",
              "fullTitle": "API - Users deve criar um novo usuário (exemplo)",
              "timedOut": null,
              "duration": 500,
              "state": "passed",
              "speed": "fast",
              "pass": true,
              "fail": false,
              "pending": false,
              "context": null,
              "code": "cy.request({\n  method: 'POST',\n  url: 'https://jsonplaceholder.typicode.com/users',\n  body: {\n    name: 'John Doe',\n    email: 'john@example.com'\n  }\n}).should(response => {\n  expect(response.status).to.eq(201);\n  expect(response.body).to.have.property('id');\n});",
              "err": {},
              "uuid": "1e0642e1-72bb-4c31-b899-49689bbf0bc6",
              "parentUUID": "eaae19c6-ab85-4894-899e-1abdff86f62c",
              "isHook": false,
              "skipped": false
            }
          ],
          "suites": [],
          "passes": [
            "9f5f60dc-aa22-4599-9522-8e22a2ad8b9a",
            "1e0642e1-72bb-4c31-b899-49689bbf0bc6"
          ],
          "failures": [],
          "pending": [],
          "skipped": [],
          "duration": 651,
          "root": false,
          "rootEmpty": false,
          "_timeout": 2000
        }
      ],
      "passes": [],
      "failures": [],
      "pending": [],
      "skipped": [],
      "duration": 0,
      "root": true,
      "rootEmpty": true,
      "_timeout": 2000
    }
  ],
  "meta": {
    "mocha": {
      "version": "7.2.0"
    },
    "mochawesome": {
      "options": {
        "quiet": false,
        "reportFilename": "mochawesome",
        "saveHtml": false,
        "saveJson": true,
        "consoleReporter": "spec",
        "useInlineDiffs": false,
        "code": true
      },
      "version": "7.1.3"
    },
    "marge": {
      "options": {
        "reportDir": "cypress/reports/mochawesome",
        "overwrite": false,
        "html": false,
        "json": true
      },
      "version": "6.2.0"
    }
  }
}