{
  "stats": {
    "suites": 1,
    "tests": 2,
    "passes": 2,
    "pending": 0,
    "failures": 0,
    "start": "2025-05-29T01:39:27.624Z",
    "end": "2025-05-29T01:39:28.173Z",
    "duration": 549,
    "testsRegistered": 2,
    "passPercent": 100,
    "pendingPercent": 0,
    "other": 0,
    "hasOther": false,
    "skipped": 0,
    "hasSkipped": false
  },
  "results": [
    {
      "uuid": "6dbb60cb-409f-4a05-ab35-d6b0196f4548",
      "title": "",
      "fullFile": "cypress/api/users.cy.js",
      "file": "cypress/api/users.cy.js",
      "beforeHooks": [],
      "afterHooks": [],
      "tests": [],
      "suites": [
        {
          "uuid": "6b4c71bf-006c-485a-90c9-2e7b1fcee62d",
          "title": "API - Users",
          "fullFile": "",
          "file": "",
          "beforeHooks": [],
          "afterHooks": [],
          "tests": [
            {
              "title": "deve retornar todos os usuários",
              "fullTitle": "API - Users deve retornar todos os usuários",
              "timedOut": null,
              "duration": 126,
              "state": "passed",
              "speed": "fast",
              "pass": true,
              "fail": false,
              "pending": false,
              "context": null,
              "code": "cy.request('https://jsonplaceholder.typicode.com/users').should(response => {\n  expect(response.status).to.eq(200);\n  expect(response.body).to.have.length(10);\n});",
              "err": {},
              "uuid": "478478ed-f653-4160-b31c-246c5f242cab",
              "parentUUID": "6b4c71bf-006c-485a-90c9-2e7b1fcee62d",
              "isHook": false,
              "skipped": false
            },
            {
              "title": "deve criar um novo usuário (exemplo)",
              "fullTitle": "API - Users deve criar um novo usuário (exemplo)",
              "timedOut": null,
              "duration": 406,
              "state": "passed",
              "speed": "fast",
              "pass": true,
              "fail": false,
              "pending": false,
              "context": null,
              "code": "cy.request({\n  method: 'POST',\n  url: 'https://jsonplaceholder.typicode.com/users',\n  body: {\n    name: 'John Doe',\n    email: 'john@example.com'\n  }\n}).should(response => {\n  expect(response.status).to.eq(201);\n  expect(response.body).to.have.property('id');\n});",
              "err": {},
              "uuid": "092bcbef-dd4c-4226-aa18-7d4e7f2c527b",
              "parentUUID": "6b4c71bf-006c-485a-90c9-2e7b1fcee62d",
              "isHook": false,
              "skipped": false
            }
          ],
          "suites": [],
          "passes": [
            "478478ed-f653-4160-b31c-246c5f242cab",
            "092bcbef-dd4c-4226-aa18-7d4e7f2c527b"
          ],
          "failures": [],
          "pending": [],
          "skipped": [],
          "duration": 532,
          "root": false,
          "rootEmpty": false,
          "_timeout": 2000
        }
      ],
      "passes": [],
      "failures": [],
      "pending": [],
      "skipped": [],
      "duration": 0,
      "root": true,
      "rootEmpty": true,
      "_timeout": 2000
    }
  ],
  "meta": {
    "mocha": {
      "version": "7.2.0"
    },
    "mochawesome": {
      "options": {
        "quiet": false,
        "reportFilename": "mochawesome",
        "saveHtml": false,
        "saveJson": true,
        "consoleReporter": "spec",
        "useInlineDiffs": false,
        "code": true
      },
      "version": "7.1.3"
    },
    "marge": {
      "options": {
        "reportDir": "cypress/reports/mochawesome",
        "overwrite": false,
        "html": false,
        "json": true
      },
      "version": "6.2.0"
    }
  }
}